<?xml version="1.0" encoding="UTF-8"?>
<testng-results skipped="0" failed="0" ignored="0" total="1" passed="1">
  <reporter-output>
  </reporter-output>
  <suite name="Suite" duration-ms="12907" started-at="2017-05-31T06:05:40Z" finished-at="2017-05-31T06:05:53Z">
    <groups>
    </groups>
    <test name="Test" duration-ms="12907" started-at="2017-05-31T06:05:40Z" finished-at="2017-05-31T06:05:53Z">
      <class name="script.TestLogin">
        <test-method status="PASS" signature="openApplication()[pri:0, instance:script.TestLogin@2d554825]" name="openApplication" is-config="true" duration-ms="12715" started-at="2017-05-31T11:35:40Z" finished-at="2017-05-31T11:35:53Z">
          <reporter-output>
          </reporter-output>
        </test-method> <!-- openApplication -->
        <test-method status="PASS" signature="ValidLogin()[pri:0, instance:script.TestLogin@2d554825]" name="ValidLogin" duration-ms="139" started-at="2017-05-31T11:35:53Z" finished-at="2017-05-31T11:35:53Z">
          <reporter-output>
          </reporter-output>
        </test-method> <!-- ValidLogin -->
      </class> <!-- script.TestLogin -->
    </test> <!-- Test -->
  </suite> <!-- Suite -->
</testng-results>
