<?xml version="1.0" encoding="UTF-8"?>
<testng-results skipped="0" failed="0" ignored="0" total="1" passed="1">
  <reporter-output>
  </reporter-output>
  <suite name="Default suite" duration-ms="29673" started-at="2017-06-02T06:50:26Z" finished-at="2017-06-02T06:50:55Z">
    <groups>
    </groups>
    <test name="Default test" duration-ms="29673" started-at="2017-06-02T06:50:26Z" finished-at="2017-06-02T06:50:55Z">
      <class name="script.TestLogin">
        <test-method status="PASS" signature="openApplication()[pri:0, instance:script.TestLogin@271053e1]" name="openApplication" is-config="true" duration-ms="20451" started-at="2017-06-02T12:20:26Z" finished-at="2017-06-02T12:20:46Z">
          <reporter-output>
          </reporter-output>
        </test-method> <!-- openApplication -->
        <test-method status="PASS" signature="ValidLogin()[pri:0, instance:script.TestLogin@271053e1]" name="ValidLogin" duration-ms="9140" started-at="2017-06-02T12:20:46Z" finished-at="2017-06-02T12:20:55Z">
          <reporter-output>
          </reporter-output>
        </test-method> <!-- ValidLogin -->
      </class> <!-- script.TestLogin -->
    </test> <!-- Default test -->
  </suite> <!-- Default suite -->
</testng-results>
